<?xml version="1.0" encoding="UTF-8"?>
<testng-results ignored="0" total="2" passed="2" failed="0" skipped="0">
  <reporter-output>
  </reporter-output>
  <suite started-at="2025-05-07T16:01:17 IST" name="Suite" finished-at="2025-05-07T16:01:38 IST" duration-ms="21254">
    <groups>
      <group name="cucumber">
        <method signature="AbstractTestNGCucumberTests.runScenario(io.cucumber.testng.PickleWrapper,io.cucumber.testng.FeatureWrapper)[pri:0, instance:uiAppFeature.AmazonTestRunner@303cf2ba]" name="runScenario" class="io.cucumber.testng.AbstractTestNGCucumberTests"/>
      </group> <!-- cucumber -->
    </groups>
    <test started-at="2025-05-07T16:01:17 IST" name="Test" finished-at="2025-05-07T16:01:38 IST" duration-ms="21254">
      <class name="uiAppFeature.AmazonTestRunner">
        <test-method is-config="true" signature="setUpClass(org.testng.ITestContext)[pri:0, instance:uiAppFeature.AmazonTestRunner@303cf2ba]" started-at="2025-05-07T16:01:17 IST" name="setUpClass" finished-at="2025-05-07T16:01:17 IST" duration-ms="518" status="PASS">
          <params>
            <param index="0">
              <value>
                <![CDATA[org.testng.TestRunner@4ee5b2d9]]>
              </value>
            </param>
          </params>
          <reporter-output>
          </reporter-output>
        </test-method> <!-- setUpClass -->
        <test-method signature="runScenario(io.cucumber.testng.PickleWrapper,io.cucumber.testng.FeatureWrapper)[pri:0, instance:uiAppFeature.AmazonTestRunner@303cf2ba]" started-at="2025-05-07T16:01:17 IST" name="runScenario" description="Runs Cucumber Scenarios" data-provider="scenarios" finished-at="2025-05-07T16:01:27 IST" duration-ms="9277" status="PASS">
          <params>
            <param index="0">
              <value>
                <![CDATA["Verify title of page"]]>
              </value>
            </param>
            <param index="1">
              <value>
                <![CDATA["Verify Flipkart HomePage"]]>
              </value>
            </param>
          </params>
          <reporter-output>
          </reporter-output>
        </test-method> <!-- runScenario -->
        <test-method signature="runScenario(io.cucumber.testng.PickleWrapper,io.cucumber.testng.FeatureWrapper)[pri:0, instance:uiAppFeature.AmazonTestRunner@303cf2ba]" started-at="2025-05-07T16:01:27 IST" name="runScenario" description="Runs Cucumber Scenarios" data-provider="scenarios" finished-at="2025-05-07T16:01:38 IST" duration-ms="11334" status="PASS">
          <params>
            <param index="0">
              <value>
                <![CDATA["Verify search Functionality"]]>
              </value>
            </param>
            <param index="1">
              <value>
                <![CDATA["Verify Flipkart HomePage"]]>
              </value>
            </param>
          </params>
          <reporter-output>
          </reporter-output>
        </test-method> <!-- runScenario -->
        <test-method is-config="true" signature="tearDownClass()[pri:0, instance:uiAppFeature.AmazonTestRunner@303cf2ba]" started-at="2025-05-07T16:01:38 IST" name="tearDownClass" finished-at="2025-05-07T16:01:38 IST" duration-ms="38" status="PASS">
          <reporter-output>
          </reporter-output>
        </test-method> <!-- tearDownClass -->
      </class> <!-- uiAppFeature.AmazonTestRunner -->
    </test> <!-- Test -->
  </suite> <!-- Suite -->
</testng-results>
