<?xml version="1.0" encoding="UTF-8"?>
<!-- Generated by org.testng.reporters.JUnitReportReporter -->
<testsuite hostname="MSI" failures="1" tests="2" name="uiAppFeature.AmazonTestRunner" time="9.810" errors="0" timestamp="2025-05-24T20:54:52 IST" skipped="0">
  <testcase classname="uiAppFeature.AmazonTestRunner" name="runScenario" time="4.492">
    <failure message="expected [true] but found [false]" type="java.lang.AssertionError">
      <![CDATA[java.lang.AssertionError: expected [true] but found [false]
at org.testng.Assert.fail(Assert.java:110)
at org.testng.Assert.failNotEquals(Assert.java:1413)
at org.testng.Assert.assertTrue(Assert.java:56)
at org.testng.Assert.assertTrue(Assert.java:66)
at uiAppFeature.FlipkartHomePageSteps.title_contains(FlipkartHomePageSteps.java:28)
at âœ½.Title contains "Atul"(file:///C:/Users/Atulp/eclipse-workspace/APITesting/BDD/FullBDDProject/src/test/resources/uiappfeature/FlipkartHomePage.feature:5)
]]>
    </failure>
  </testcase> <!-- runScenario -->
  <system-out/>
  <testcase classname="uiAppFeature.AmazonTestRunner" name="runScenario" time="5.318"/>
  <system-out/>
</testsuite> <!-- uiAppFeature.AmazonTestRunner -->
